example/build/outputs/logs/manifest-merger-debug-report.txt
-- Merging decision tree log ---
manifest
ADDED from MyApplication\example\AndroidManifest.xml:1:1-225:12
	package
		ADDED from MyApplication\example\AndroidManifest.xml:2:5-39
		INJECTED from MyApplication\example\AndroidManifest.xml
		INJECTED from MyApplication\example\AndroidManifest.xml
	android:versionName
		ADDED from MyApplication\example\AndroidManifest.xml:4:5-30
		INJECTED from MyApplication\example\AndroidManifest.xml
		INJECTED from MyApplication\example\AndroidManifest.xml
	android:versionCode
		ADDED from MyApplication\example\AndroidManifest.xml:3:5-28
		INJECTED from MyApplication\example\AndroidManifest.xml
		INJECTED from MyApplication\example\AndroidManifest.xml
	xmlns:android
		ADDED from MyApplication\example\AndroidManifest.xml:1:11-69
uses-sdk
ADDED from MyApplication\example\AndroidManifest.xml:6:5-8:41
MERGED from [MyApplication.lib:pingpp:unspecified] AndroidManifest.xml:5:5-7:41
MERGED from [MyApplication.lib:pingpp_one:unspecified] AndroidManifest.xml:5:5-7:41
MERGED from [MyApplication.lib:bdwallet_pay_sdk:unspecified] AndroidManifest.xml:5:5-7:41
	android:targetSdkVersion
		ADDED from MyApplication\example\AndroidManifest.xml:8:9-38
		INJECTED from MyApplication\example\AndroidManifest.xml
		INJECTED from MyApplication\example\AndroidManifest.xml
	android:minSdkVersion
		ADDED from MyApplication\example\AndroidManifest.xml:7:9-35
		INJECTED from MyApplication\example\AndroidManifest.xml
		INJECTED from MyApplication\example\AndroidManifest.xml
uses-permission#android.permission.INTERNET
ADDED from MyApplication\example\AndroidManifest.xml:11:5-67
	android:name
		ADDED from MyApplication\example\AndroidManifest.xml:11:22-64
uses-permission#android.permission.ACCESS_NETWORK_STATE
ADDED from MyApplication\example\AndroidManifest.xml:12:5-79
	android:name
		ADDED from MyApplication\example\AndroidManifest.xml:12:22-76
uses-permission#android.permission.ACCESS_WIFI_STATE
ADDED from MyApplication\example\AndroidManifest.xml:13:5-76
	android:name
		ADDED from MyApplication\example\AndroidManifest.xml:13:22-73
uses-permission#android.permission.READ_PHONE_STATE
ADDED from MyApplication\example\AndroidManifest.xml:14:5-75
	android:name
		ADDED from MyApplication\example\AndroidManifest.xml:14:22-72
uses-permission#android.permission.WRITE_EXTERNAL_STORAGE
ADDED from MyApplication\example\AndroidManifest.xml:15:5-81
	android:name
		ADDED from MyApplication\example\AndroidManifest.xml:15:22-78
uses-permission#android.permission.NFC
ADDED from MyApplication\example\AndroidManifest.xml:16:5-62
	android:name
		ADDED from MyApplication\example\AndroidManifest.xml:16:22-59
uses-permission-sdk-23
ADDED from MyApplication\example\AndroidManifest.xml:17:5-82
	android:name
		ADDED from MyApplication\example\AndroidManifest.xml:17:29-79
uses-permission#android.permission.ACCESS_COARSE_LOCATION
ADDED from MyApplication\example\AndroidManifest.xml:22:5-81
	android:name
		ADDED from MyApplication\example\AndroidManifest.xml:22:22-78
uses-permission#android.permission.WRITE_SETTINGS
ADDED from MyApplication\example\AndroidManifest.xml:23:5-73
	android:name
		ADDED from MyApplication\example\AndroidManifest.xml:23:22-70
uses-permission#android.permission.READ_SMS
ADDED from MyApplication\example\AndroidManifest.xml:24:5-67
	android:name
		ADDED from MyApplication\example\AndroidManifest.xml:24:22-64
application
ADDED from MyApplication\example\AndroidManifest.xml:26:5-223:19
	android:label
		ADDED from MyApplication\example\AndroidManifest.xml:28:9-40
	android:icon
		ADDED from MyApplication\example\AndroidManifest.xml:27:9-39
	android:theme
		ADDED from MyApplication\example\AndroidManifest.xml:29:9-37
activity#com.pingplusplus.demoapp.MainActivity
ADDED from MyApplication\example\AndroidManifest.xml:32:9-40:20
	android:screenOrientation
		ADDED from MyApplication\example\AndroidManifest.xml:34:13-49
	android:name
		ADDED from MyApplication\example\AndroidManifest.xml:33:13-65
intent-filter#android.intent.action.MAIN+android.intent.category.LAUNCHER
ADDED from MyApplication\example\AndroidManifest.xml:35:13-39:29
action#android.intent.action.MAIN
ADDED from MyApplication\example\AndroidManifest.xml:36:17-69
	android:name
		ADDED from MyApplication\example\AndroidManifest.xml:36:25-66
category#android.intent.category.LAUNCHER
ADDED from MyApplication\example\AndroidManifest.xml:38:17-77
	android:name
		ADDED from MyApplication\example\AndroidManifest.xml:38:27-74
activity#com.pingplusplus.demoapp.ClientSDKActivity
ADDED from MyApplication\example\AndroidManifest.xml:41:9-42:20
	android:name
		ADDED from MyApplication\example\AndroidManifest.xml:41:19-76
activity#com.pingplusplus.android.PaymentActivity
ADDED from MyApplication\example\AndroidManifest.xml:44:9-59:20
	android:launchMode
		ADDED from MyApplication\example\AndroidManifest.xml:47:13-43
	android:configChanges
		ADDED from MyApplication\example\AndroidManifest.xml:46:13-59
	android:theme
		ADDED from MyApplication\example\AndroidManifest.xml:48:13-72
	android:name
		ADDED from MyApplication\example\AndroidManifest.xml:45:13-68
intent-filter#android.intent.action.VIEW+android.intent.category.BROWSABLE+android.intent.category.DEFAULT
ADDED from MyApplication\example\AndroidManifest.xml:50:13-57:29
action#android.intent.action.VIEW
ADDED from MyApplication\example\AndroidManifest.xml:51:17-68
	android:name
		ADDED from MyApplication\example\AndroidManifest.xml:51:25-66
category#android.intent.category.BROWSABLE
ADDED from MyApplication\example\AndroidManifest.xml:53:17-77
	android:name
		ADDED from MyApplication\example\AndroidManifest.xml:53:27-75
category#android.intent.category.DEFAULT
ADDED from MyApplication\example\AndroidManifest.xml:54:17-75
	android:name
		ADDED from MyApplication\example\AndroidManifest.xml:54:27-73
data
ADDED from MyApplication\example\AndroidManifest.xml:56:17-57
	android:scheme
		ADDED from MyApplication\example\AndroidManifest.xml:56:23-55
activity-alias#com.pingplusplus.demoapp.wxapi.WXPayEntryActivity
ADDED from MyApplication\example\AndroidManifest.xml:62:9-65:81
	android:exported
		ADDED from MyApplication\example\AndroidManifest.xml:64:13-36
	android:targetActivity
		ADDED from MyApplication\example\AndroidManifest.xml:65:13-78
	android:name
		ADDED from MyApplication\example\AndroidManifest.xml:63:13-53
activity#com.alipay.sdk.app.H5PayActivity
ADDED from MyApplication\example\AndroidManifest.xml:67:9-72:20
	android:screenOrientation
		ADDED from MyApplication\example\AndroidManifest.xml:71:13-47
	android:exported
		ADDED from MyApplication\example\AndroidManifest.xml:70:13-37
	android:configChanges
		ADDED from MyApplication\example\AndroidManifest.xml:69:13-74
	android:name
		ADDED from MyApplication\example\AndroidManifest.xml:68:13-60
activity#com.alipay.sdk.auth.AuthActivity
ADDED from MyApplication\example\AndroidManifest.xml:73:9-78:20
	android:screenOrientation
		ADDED from MyApplication\example\AndroidManifest.xml:77:13-47
	android:exported
		ADDED from MyApplication\example\AndroidManifest.xml:76:13-37
	android:configChanges
		ADDED from MyApplication\example\AndroidManifest.xml:75:13-74
	android:name
		ADDED from MyApplication\example\AndroidManifest.xml:74:13-60
activity#com.unionpay.uppay.PayActivity
ADDED from MyApplication\example\AndroidManifest.xml:81:9-83:88
	android:configChanges
		ADDED from MyApplication\example\AndroidManifest.xml:83:13-85
	android:name
		ADDED from MyApplication\example\AndroidManifest.xml:82:13-58
activity#com.baidu.paysdk.login.LoginActivity
ADDED from MyApplication\example\AndroidManifest.xml:86:9-92:57
	android:excludeFromRecents
		ADDED from MyApplication\example\AndroidManifest.xml:89:13-46
	android:exported
		ADDED from MyApplication\example\AndroidManifest.xml:90:13-37
	android:windowSoftInputMode
		ADDED from MyApplication\example\AndroidManifest.xml:92:13-54
	android:configChanges
		ADDED from MyApplication\example\AndroidManifest.xml:88:13-85
	android:theme
		ADDED from MyApplication\example\AndroidManifest.xml:91:13-61
	android:name
		ADDED from MyApplication\example\AndroidManifest.xml:87:13-64
activity#com.baidu.paysdk.ui.WelcomeActivity
ADDED from MyApplication\example\AndroidManifest.xml:93:9-99:57
	android:screenOrientation
		ADDED from MyApplication\example\AndroidManifest.xml:97:13-49
	android:excludeFromRecents
		ADDED from MyApplication\example\AndroidManifest.xml:96:13-46
	android:windowSoftInputMode
		ADDED from MyApplication\example\AndroidManifest.xml:99:13-54
	android:configChanges
		ADDED from MyApplication\example\AndroidManifest.xml:95:13-85
	android:theme
		ADDED from MyApplication\example\AndroidManifest.xml:98:13-61
	android:name
		ADDED from MyApplication\example\AndroidManifest.xml:94:13-63
activity#com.baidu.paysdk.ui.OrderHomeActivity
ADDED from MyApplication\example\AndroidManifest.xml:100:9-107:57
	android:screenOrientation
		ADDED from MyApplication\example\AndroidManifest.xml:105:13-49
	android:excludeFromRecents
		ADDED from MyApplication\example\AndroidManifest.xml:103:13-46
	android:hardwareAccelerated
		ADDED from MyApplication\example\AndroidManifest.xml:104:13-48
	android:windowSoftInputMode
		ADDED from MyApplication\example\AndroidManifest.xml:107:13-54
	android:configChanges
		ADDED from MyApplication\example\AndroidManifest.xml:102:13-85
	android:theme
		ADDED from MyApplication\example\AndroidManifest.xml:106:13-53
	android:name
		ADDED from MyApplication\example\AndroidManifest.xml:101:13-65
activity#com.baidu.paysdk.ui.PayResultActivity
ADDED from MyApplication\example\AndroidManifest.xml:108:9-114:57
	android:screenOrientation
		ADDED from MyApplication\example\AndroidManifest.xml:112:13-49
	android:excludeFromRecents
		ADDED from MyApplication\example\AndroidManifest.xml:111:13-46
	android:windowSoftInputMode
		ADDED from MyApplication\example\AndroidManifest.xml:114:13-54
	android:configChanges
		ADDED from MyApplication\example\AndroidManifest.xml:110:13-85
	android:theme
		ADDED from MyApplication\example\AndroidManifest.xml:113:13-53
	android:name
		ADDED from MyApplication\example\AndroidManifest.xml:109:13-65
activity#com.baidu.paysdk.ui.PcPwdCheckActivity
ADDED from MyApplication\example\AndroidManifest.xml:115:9-121:58
	android:screenOrientation
		ADDED from MyApplication\example\AndroidManifest.xml:119:13-49
	android:excludeFromRecents
		ADDED from MyApplication\example\AndroidManifest.xml:118:13-46
	android:windowSoftInputMode
		ADDED from MyApplication\example\AndroidManifest.xml:121:13-55
	android:configChanges
		ADDED from MyApplication\example\AndroidManifest.xml:117:13-85
	android:theme
		ADDED from MyApplication\example\AndroidManifest.xml:120:13-53
	android:name
		ADDED from MyApplication\example\AndroidManifest.xml:116:13-66
activity#com.baidu.paysdk.ui.PwdCheckActivity
ADDED from MyApplication\example\AndroidManifest.xml:122:9-128:58
	android:screenOrientation
		ADDED from MyApplication\example\AndroidManifest.xml:126:13-49
	android:excludeFromRecents
		ADDED from MyApplication\example\AndroidManifest.xml:125:13-46
	android:windowSoftInputMode
		ADDED from MyApplication\example\AndroidManifest.xml:128:13-55
	android:configChanges
		ADDED from MyApplication\example\AndroidManifest.xml:124:13-85
	android:theme
		ADDED from MyApplication\example\AndroidManifest.xml:127:13-53
	android:name
		ADDED from MyApplication\example\AndroidManifest.xml:123:13-64
activity#com.baidu.paysdk.ui.PwdSetAndConfirmActivity
ADDED from MyApplication\example\AndroidManifest.xml:129:9-134:58
	android:excludeFromRecents
		ADDED from MyApplication\example\AndroidManifest.xml:132:13-46
	android:windowSoftInputMode
		ADDED from MyApplication\example\AndroidManifest.xml:134:13-55
	android:configChanges
		ADDED from MyApplication\example\AndroidManifest.xml:131:13-85
	android:theme
		ADDED from MyApplication\example\AndroidManifest.xml:133:13-53
	android:name
		ADDED from MyApplication\example\AndroidManifest.xml:130:13-72
activity#com.baidu.paysdk.ui.PwdPayActivity
ADDED from MyApplication\example\AndroidManifest.xml:135:9-141:71
	android:screenOrientation
		ADDED from MyApplication\example\AndroidManifest.xml:139:13-49
	android:excludeFromRecents
		ADDED from MyApplication\example\AndroidManifest.xml:138:13-46
	android:windowSoftInputMode
		ADDED from MyApplication\example\AndroidManifest.xml:141:13-68
	android:configChanges
		ADDED from MyApplication\example\AndroidManifest.xml:137:13-85
	android:theme
		ADDED from MyApplication\example\AndroidManifest.xml:140:13-64
	android:name
		ADDED from MyApplication\example\AndroidManifest.xml:136:13-62
activity#com.baidu.paysdk.ui.PwdPaySmsActivity
ADDED from MyApplication\example\AndroidManifest.xml:142:9-148:57
	android:screenOrientation
		ADDED from MyApplication\example\AndroidManifest.xml:146:13-49
	android:excludeFromRecents
		ADDED from MyApplication\example\AndroidManifest.xml:145:13-46
	android:windowSoftInputMode
		ADDED from MyApplication\example\AndroidManifest.xml:148:13-54
	android:configChanges
		ADDED from MyApplication\example\AndroidManifest.xml:144:13-85
	android:theme
		ADDED from MyApplication\example\AndroidManifest.xml:147:13-64
	android:name
		ADDED from MyApplication\example\AndroidManifest.xml:143:13-65
activity#com.baidu.paysdk.ui.WebViewActivity
ADDED from MyApplication\example\AndroidManifest.xml:149:9-155:57
	android:screenOrientation
		ADDED from MyApplication\example\AndroidManifest.xml:153:13-49
	android:excludeFromRecents
		ADDED from MyApplication\example\AndroidManifest.xml:152:13-46
	android:windowSoftInputMode
		ADDED from MyApplication\example\AndroidManifest.xml:155:13-54
	android:configChanges
		ADDED from MyApplication\example\AndroidManifest.xml:151:13-85
	android:theme
		ADDED from MyApplication\example\AndroidManifest.xml:154:13-53
	android:name
		ADDED from MyApplication\example\AndroidManifest.xml:150:13-63
activity#com.baidu.paysdk.ui.BindCardNoActivity
ADDED from MyApplication\example\AndroidManifest.xml:156:9-163:57
	android:screenOrientation
		ADDED from MyApplication\example\AndroidManifest.xml:161:13-49
	android:excludeFromRecents
		ADDED from MyApplication\example\AndroidManifest.xml:159:13-46
	android:launchMode
		ADDED from MyApplication\example\AndroidManifest.xml:160:13-44
	android:windowSoftInputMode
		ADDED from MyApplication\example\AndroidManifest.xml:163:13-54
	android:configChanges
		ADDED from MyApplication\example\AndroidManifest.xml:158:13-85
	android:theme
		ADDED from MyApplication\example\AndroidManifest.xml:162:13-53
	android:name
		ADDED from MyApplication\example\AndroidManifest.xml:157:13-66
activity#com.baidu.paysdk.ui.BindCardDetailActivity
ADDED from MyApplication\example\AndroidManifest.xml:164:9-171:68
	android:screenOrientation
		ADDED from MyApplication\example\AndroidManifest.xml:169:13-49
	android:excludeFromRecents
		ADDED from MyApplication\example\AndroidManifest.xml:167:13-46
	android:launchMode
		ADDED from MyApplication\example\AndroidManifest.xml:168:13-44
	android:windowSoftInputMode
		ADDED from MyApplication\example\AndroidManifest.xml:171:13-65
	android:configChanges
		ADDED from MyApplication\example\AndroidManifest.xml:166:13-85
	android:theme
		ADDED from MyApplication\example\AndroidManifest.xml:170:13-53
	android:name
		ADDED from MyApplication\example\AndroidManifest.xml:165:13-70
activity#com.baidu.paysdk.ui.BindCardDetailCredit2Activity
ADDED from MyApplication\example\AndroidManifest.xml:172:9-179:68
	android:screenOrientation
		ADDED from MyApplication\example\AndroidManifest.xml:177:13-49
	android:excludeFromRecents
		ADDED from MyApplication\example\AndroidManifest.xml:175:13-46
	android:launchMode
		ADDED from MyApplication\example\AndroidManifest.xml:176:13-44
	android:windowSoftInputMode
		ADDED from MyApplication\example\AndroidManifest.xml:179:13-65
	android:configChanges
		ADDED from MyApplication\example\AndroidManifest.xml:174:13-85
	android:theme
		ADDED from MyApplication\example\AndroidManifest.xml:178:13-53
	android:name
		ADDED from MyApplication\example\AndroidManifest.xml:173:13-77
activity#com.baidu.paysdk.ui.BindCardDetailCreditActivity
ADDED from MyApplication\example\AndroidManifest.xml:180:9-187:68
	android:screenOrientation
		ADDED from MyApplication\example\AndroidManifest.xml:185:13-49
	android:excludeFromRecents
		ADDED from MyApplication\example\AndroidManifest.xml:183:13-46
	android:launchMode
		ADDED from MyApplication\example\AndroidManifest.xml:184:13-44
	android:windowSoftInputMode
		ADDED from MyApplication\example\AndroidManifest.xml:187:13-65
	android:configChanges
		ADDED from MyApplication\example\AndroidManifest.xml:182:13-85
	android:theme
		ADDED from MyApplication\example\AndroidManifest.xml:186:13-53
	android:name
		ADDED from MyApplication\example\AndroidManifest.xml:181:13-76
activity#com.baidu.paysdk.ui.BindSmsActivity
ADDED from MyApplication\example\AndroidManifest.xml:188:9-194:58
	android:screenOrientation
		ADDED from MyApplication\example\AndroidManifest.xml:192:13-49
	android:excludeFromRecents
		ADDED from MyApplication\example\AndroidManifest.xml:191:13-46
	android:windowSoftInputMode
		ADDED from MyApplication\example\AndroidManifest.xml:194:13-55
	android:configChanges
		ADDED from MyApplication\example\AndroidManifest.xml:190:13-85
	android:theme
		ADDED from MyApplication\example\AndroidManifest.xml:193:13-53
	android:name
		ADDED from MyApplication\example\AndroidManifest.xml:189:13-63
activity#com.baidu.paysdk.ui.SelectBindCardActivity
ADDED from MyApplication\example\AndroidManifest.xml:195:9-201:57
	android:screenOrientation
		ADDED from MyApplication\example\AndroidManifest.xml:199:13-49
	android:excludeFromRecents
		ADDED from MyApplication\example\AndroidManifest.xml:198:13-46
	android:windowSoftInputMode
		ADDED from MyApplication\example\AndroidManifest.xml:201:13-54
	android:configChanges
		ADDED from MyApplication\example\AndroidManifest.xml:197:13-85
	android:theme
		ADDED from MyApplication\example\AndroidManifest.xml:200:13-53
	android:name
		ADDED from MyApplication\example\AndroidManifest.xml:196:13-70
activity#com.baidu.paysdk.ui.SignChannelListActivity
ADDED from MyApplication\example\AndroidManifest.xml:202:9-208:57
	android:excludeFromRecents
		ADDED from MyApplication\example\AndroidManifest.xml:205:13-46
	android:hardwareAccelerated
		ADDED from MyApplication\example\AndroidManifest.xml:206:13-48
	android:windowSoftInputMode
		ADDED from MyApplication\example\AndroidManifest.xml:208:13-54
	android:configChanges
		ADDED from MyApplication\example\AndroidManifest.xml:204:13-85
	android:theme
		ADDED from MyApplication\example\AndroidManifest.xml:207:13-53
	android:name
		ADDED from MyApplication\example\AndroidManifest.xml:203:13-71
activity#com.pingplusplus.demoapp.OneSDKActivity
ADDED from MyApplication\example\AndroidManifest.xml:209:9-211:20
	android:name
		ADDED from MyApplication\example\AndroidManifest.xml:210:13-43
activity#com.pingplusplus.libone.PayActivity
ADDED from MyApplication\example\AndroidManifest.xml:215:9-218:63
	android:configChanges
		ADDED from MyApplication\example\AndroidManifest.xml:217:13-59
	android:theme
		ADDED from MyApplication\example\AndroidManifest.xml:218:13-61
	android:name
		ADDED from MyApplication\example\AndroidManifest.xml:216:13-63
activity#com.pingplusplus.libone.PaySuccessActivity
ADDED from MyApplication\example\AndroidManifest.xml:219:9-221:61
	android:configChanges
		ADDED from MyApplication\example\AndroidManifest.xml:221:13-59
	android:name
		ADDED from MyApplication\example\AndroidManifest.xml:220:13-70